<?xml version="1.0" encoding="UTF-8"?>
<testng-results ignored="0" total="2" passed="2" failed="0" skipped="0">
  <reporter-output>
    <line>
      <![CDATA[Connected to the Server]]>
    </line>
    <line>
      <![CDATA[Connected to the DataBase]]>
    </line>
    <line>
      <![CDATA[Opening Browser]]>
    </line>
    <line>
      <![CDATA[Test Execution Started]]>
    </line>
    <line>
      <![CDATA[Test Execution Successfully Executed..]]>
    </line>
    <line>
      <![CDATA[Test Execution Started]]>
    </line>
    <line>
      <![CDATA[Test Execution Successfully Executed..]]>
    </line>
    <line>
      <![CDATA[Disconnecting the DataBase....]]>
    </line>
    <line>
      <![CDATA[Disconnecting the Server....]]>
    </line>
  </reporter-output>
  <suite started-at="2024-07-28T23:52:04 IST" name="Default suite" finished-at="2024-07-28T23:53:34 IST" duration-ms="90646">
    <groups>
      <group name="Smoke">
        <method signature="TC02.ComputingAndInternet()[pri:0, instance:DemoWebShop.TC02@5f058f00]" name="ComputingAndInternet" class="DemoWebShop.TC02"/>
        <method signature="TC02.Fiction()[pri:0, instance:DemoWebShop.TC02@5f058f00]" name="Fiction" class="DemoWebShop.TC02"/>
      </group> <!-- Smoke -->
    </groups>
    <test started-at="2024-07-28T23:52:04 IST" name="Default test" finished-at="2024-07-28T23:53:34 IST" duration-ms="90646">
      <class name="DemoWebShop.TC02">
        <test-method is-config="true" signature="CS()[pri:0, instance:DemoWebShop.TC02@5f058f00]" started-at="2024-07-28T23:52:04 IST" name="CS" finished-at="2024-07-28T23:52:04 IST" duration-ms="14" status="PASS">
          <reporter-output>
            <line>
              <![CDATA[Connected to the Server]]>
            </line>
          </reporter-output>
        </test-method> <!-- CS -->
        <test-method is-config="true" signature="CD()[pri:0, instance:DemoWebShop.TC02@5f058f00]" started-at="2024-07-28T23:52:04 IST" name="CD" finished-at="2024-07-28T23:52:04 IST" duration-ms="1" status="PASS">
          <reporter-output>
            <line>
              <![CDATA[Connected to the DataBase]]>
            </line>
          </reporter-output>
        </test-method> <!-- CD -->
        <test-method is-config="true" signature="OpenBrowser()[pri:0, instance:DemoWebShop.TC02@5f058f00]" started-at="2024-07-28T23:52:04 IST" name="OpenBrowser" finished-at="2024-07-28T23:52:11 IST" duration-ms="7386" status="PASS">
          <reporter-output>
            <line>
              <![CDATA[Opening Browser]]>
            </line>
          </reporter-output>
        </test-method> <!-- OpenBrowser -->
        <test-method is-config="true" signature="LoginFunctionality()[pri:0, instance:DemoWebShop.TC02@5f058f00]" started-at="2024-07-28T23:52:11 IST" name="LoginFunctionality" finished-at="2024-07-28T23:52:16 IST" duration-ms="5292" status="PASS">
          <reporter-output>
          </reporter-output>
        </test-method> <!-- LoginFunctionality -->
        <test-method signature="ComputingAndInternet()[pri:0, instance:DemoWebShop.TC02@5f058f00]" started-at="2024-07-28T23:52:16 IST" name="ComputingAndInternet" finished-at="2024-07-28T23:52:24 IST" duration-ms="7137" status="PASS">
          <reporter-output>
            <line>
              <![CDATA[Test Execution Started]]>
            </line>
            <line>
              <![CDATA[Test Execution Successfully Executed..]]>
            </line>
          </reporter-output>
        </test-method> <!-- ComputingAndInternet -->
        <test-method is-config="true" signature="LogoutFunctionality()[pri:0, instance:DemoWebShop.TC02@5f058f00]" started-at="2024-07-28T23:52:24 IST" name="LogoutFunctionality" finished-at="2024-07-28T23:52:25 IST" duration-ms="1439" status="PASS">
          <reporter-output>
          </reporter-output>
        </test-method> <!-- LogoutFunctionality -->
        <test-method is-config="true" signature="LoginFunctionality()[pri:0, instance:DemoWebShop.TC02@5f058f00]" started-at="2024-07-28T23:52:25 IST" name="LoginFunctionality" finished-at="2024-07-28T23:52:30 IST" duration-ms="4747" status="PASS">
          <reporter-output>
          </reporter-output>
        </test-method> <!-- LoginFunctionality -->
        <test-method signature="Fiction()[pri:0, instance:DemoWebShop.TC02@5f058f00]" started-at="2024-07-28T23:52:30 IST" name="Fiction" finished-at="2024-07-28T23:53:33 IST" duration-ms="63200" status="PASS">
          <reporter-output>
            <line>
              <![CDATA[Test Execution Started]]>
            </line>
            <line>
              <![CDATA[Test Execution Successfully Executed..]]>
            </line>
          </reporter-output>
        </test-method> <!-- Fiction -->
        <test-method is-config="true" signature="LogoutFunctionality()[pri:0, instance:DemoWebShop.TC02@5f058f00]" started-at="2024-07-28T23:53:33 IST" name="LogoutFunctionality" finished-at="2024-07-28T23:53:34 IST" duration-ms="1003" status="PASS">
          <reporter-output>
          </reporter-output>
        </test-method> <!-- LogoutFunctionality -->
        <test-method is-config="true" signature="CloseBrowser()[pri:0, instance:DemoWebShop.TC02@5f058f00]" started-at="2024-07-28T23:53:34 IST" name="CloseBrowser" finished-at="2024-07-28T23:53:34 IST" duration-ms="385" status="PASS">
          <reporter-output>
          </reporter-output>
        </test-method> <!-- CloseBrowser -->
        <test-method is-config="true" signature="DDB()[pri:0, instance:DemoWebShop.TC02@5f058f00]" started-at="2024-07-28T23:53:34 IST" name="DDB" finished-at="2024-07-28T23:53:34 IST" duration-ms="1" status="PASS">
          <reporter-output>
            <line>
              <![CDATA[Disconnecting the DataBase....]]>
            </line>
          </reporter-output>
        </test-method> <!-- DDB -->
        <test-method is-config="true" signature="DS()[pri:0, instance:DemoWebShop.TC02@5f058f00]" started-at="2024-07-28T23:53:34 IST" name="DS" finished-at="2024-07-28T23:53:34 IST" duration-ms="1" status="PASS">
          <reporter-output>
            <line>
              <![CDATA[Disconnecting the Server....]]>
            </line>
          </reporter-output>
        </test-method> <!-- DS -->
      </class> <!-- DemoWebShop.TC02 -->
    </test> <!-- Default test -->
  </suite> <!-- Default suite -->
</testng-results>
