<?xml version="1.0" encoding="UTF-8"?>
<testng-results ignored="0" total="1" passed="1" failed="0" skipped="0">
  <reporter-output>
  </reporter-output>
  <suite started-at="2024-11-10T19:22:30 IST" name="Default suite" finished-at="2024-11-10T19:22:31 IST" duration-ms="103">
    <groups>
    </groups>
    <test started-at="2024-11-10T19:22:30 IST" name="Default test" finished-at="2024-11-10T19:22:31 IST" duration-ms="103">
      <class name="Basics.TestNG">
        <test-method signature="Tc()[pri:0, instance:Basics.TestNG@5a63f509]" started-at="2024-11-10T19:22:30 IST" name="Tc" finished-at="2024-11-10T19:22:31 IST" duration-ms="25" status="PASS">
          <reporter-output>
          </reporter-output>
        </test-method> <!-- Tc -->
      </class> <!-- Basics.TestNG -->
    </test> <!-- Default test -->
  </suite> <!-- Default suite -->
</testng-results>
