<?xml version="1.0" encoding="UTF-8"?>
<testng-results ignored="0" total="1" passed="1" failed="0" skipped="0">
  <reporter-output>
  </reporter-output>
  <suite started-at="2024-05-15T10:48:23 IST" name="Default suite" finished-at="2024-05-15T10:48:43 IST" duration-ms="20133">
    <groups>
    </groups>
    <test started-at="2024-05-15T10:48:23 IST" name="Default test" finished-at="2024-05-15T10:48:43 IST" duration-ms="20133">
      <class name="Program">
        <test-method signature="testCase()[pri:0, instance:Program@76908cc0]" started-at="2024-05-15T10:48:23 IST" name="testCase" finished-at="2024-05-15T10:48:43 IST" duration-ms="20073" status="PASS">
          <reporter-output>
          </reporter-output>
        </test-method> <!-- testCase -->
      </class> <!-- Program -->
    </test> <!-- Default test -->
  </suite> <!-- Default suite -->
</testng-results>
